<?xml version="1.0" encoding="UTF-8" ?>
<testsuite errors="0" failures="0" hostname="ubuntu" name="selenium_tests" skipped="0" tests="1" time="30.047" timestamp="2016-09-19T13:33:08">
  <properties>
[...]
</properties>
  <testcase classname="selenium_tests" name="test" time="29.729" />
  <system-out><![CDATA[Successful
]]></system-out>
  <system-err><![CDATA[Sep 19, 2016 6:33:10 AM org.openqa.selenium.remote.ProtocolHandshake createSession
INFO: Attempting bi-dialect session, assuming Postel's Law holds true on the remote end
1474291991914	Marionette	INFO	Listening on port 45312
1474291995373	Marionette	INFO	startBrowser 886b30c2-e2b3-4676-b54f-12bf6d3f7d65
1474291995440	Marionette	INFO	sendAsync 886b30c2-e2b3-4676-b54f-12bf6d3f7d65

(process:5448): GLib-CRITICAL **: g_path_get_basename: assertion 'file_name != NULL' failed
Sep 19, 2016 6:33:16 AM org.openqa.selenium.remote.ProtocolHandshake createSession
INFO: Detected dialect: W3C
1474291996477	Marionette	INFO	sendAsync 886b30c2-e2b3-4676-b54f-12bf6d3f7d65
1474291997656	Marionette	INFO	sendAsync 886b30c2-e2b3-4676-b54f-12bf6d3f7d65
JavaScript warning: http://cdn.edureka.co/js-cache/cache-autoload-1474289256.js, line 5: SyntaxError: 08 is not a legal ECMA-262 octal constant
JavaScript warning: http://cdn.edureka.co/js-cache/cache-autoload-1474289256.js line 1 > eval, line 5: SyntaxError: 08 is not a legal ECMA-262 octal constant
JavaScript error: http://cdn.edureka.co/js-cache/cache-autoload-1474289256.js line 1 > eval, line 7: TypeError: $(...).countdown is not a function
1474292008268	Marionette	INFO	sendAsync 886b30c2-e2b3-4676-b54f-12bf6d3f7d65
1474292008358	Marionette	INFO	sendAsync 886b30c2-e2b3-4676-b54f-12bf6d3f7d65
1474292008965	Marionette	INFO	sendAsync 886b30c2-e2b3-4676-b54f-12bf6d3f7d65

(firefox:5400): GLib-GObject-CRITICAL **: g_type_add_interface_static: assertion 'g_type_parent (interface_type) == G_TYPE_INTERFACE' failed

(firefox:5400): GLib-GObject-CRITICAL **: g_type_add_interface_static: assertion 'g_type_parent (interface_type) == G_TYPE_INTERFACE' failed

(firefox:5400): GLib-GObject-CRITICAL **: g_type_add_interface_static: assertion 'g_type_parent (interface_type) == G_TYPE_INTERFACE' failed

(firefox:5400): GLib-GObject-CRITICAL **: g_type_add_interface_static: assertion 'g_type_parent (interface_type) == G_TYPE_INTERFACE' failed

(firefox:5400): GLib-GObject-CRITICAL **: g_type_add_interface_static: assertion 'g_type_parent (interface_type) == G_TYPE_INTERFACE' failed

(firefox:5400): GLib-GObject-CRITICAL **: g_type_add_interface_static: assertion 'g_type_parent (interface_type) == G_TYPE_INTERFACE' failed

(firefox:5400): GLib-GObject-CRITICAL **: g_type_add_interface_static: assertion 'g_type_parent (interface_type) == G_TYPE_INTERFACE' failed
1474292010243	Marionette	INFO	sendAsync 886b30c2-e2b3-4676-b54f-12bf6d3f7d65
1474292015294	Marionette	INFO	sendAsync 886b30c2-e2b3-4676-b54f-12bf6d3f7d65
1474292015804	Marionette	INFO	sendAsync 886b30c2-e2b3-4676-b54f-12bf6d3f7d65
1474292017430	Marionette	INFO	sendAsync 886b30c2-e2b3-4676-b54f-12bf6d3f7d65
1474292017621	Marionette	INFO	sendAsync 886b30c2-e2b3-4676-b54f-12bf6d3f7d65
]]></system-err>
</testsuite>
